[    0.000000] Initializing cgroup subsys cpuset
[    0.000000] Initializing cgroup subsys cpu
[    0.000000] Initializing cgroup subsys cpuacct
[    0.000000] Linux version 4.4.0-210-generic (buildd@lgw01-amd64-009) (gcc version 5.4.0 20160609 (Ubuntu 5.4.0-6ubuntu1~16.04.12) ) #242-Ubuntu SMP Fri Apr 16 09:57:56 UTC 2021 (Ubuntu 4.4.0-210.242-generic 4.4.262)
[    0.000000] Command line: BOOT_IMAGE=/boot/vmlinuz-4.4.0-210-generic root=LABEL=cloudimg-rootfs ro console=tty1 console=ttyS0
[    0.000000] KERNEL supported cpus:
[    0.000000]   Intel GenuineIntel
[    0.000000]   AMD AuthenticAMD
[    0.000000]   Centaur CentaurHauls
[    0.000000] x86/fpu: xstate_offset[2]:  576, xstate_sizes[2]:  256
[    0.000000] x86/fpu: Supporting XSAVE feature 0x01: 'x87 floating point registers'
[    0.000000] x86/fpu: Supporting XSAVE feature 0x02: 'SSE registers'
[    0.000000] x86/fpu: Supporting XSAVE feature 0x04: 'AVX registers'
[    0.000000] x86/fpu: Enabled xstate features 0x7, context size is 832 bytes, using 'standard' format.
[    0.000000] e820: BIOS-provided physical RAM map:
[    0.000000] BIOS-e820: [mem 0x0000000000000000-0x000000000009fbff] usable
[    0.000000] BIOS-e820: [mem 0x000000000009fc00-0x000000000009ffff] reserved
[    0.000000] BIOS-e820: [mem 0x00000000000f0000-0x00000000000fffff] reserved
[    0.000000] BIOS-e820: [mem 0x0000000000100000-0x000000003ffeffff] usable
[    0.000000] BIOS-e820: [mem 0x000000003fff0000-0x000000003fffffff] ACPI data
[    0.000000] BIOS-e820: [mem 0x00000000fec00000-0x00000000fec00fff] reserved
[    0.000000] BIOS-e820: [mem 0x00000000fee00000-0x00000000fee00fff] reserved
[    0.000000] BIOS-e820: [mem 0x00000000fffc0000-0x00000000ffffffff] reserved
[    0.000000] NX (Execute Disable) protection: active
[    0.000000] SMBIOS 2.5 present.
[    0.000000] Hypervisor detected: KVM
[    0.000000] e820: last_pfn = 0x3fff0 max_arch_pfn = 0x400000000
[    0.000000] MTRR: Disabled
[    0.000000] x86/PAT: MTRRs disabled, skipping PAT initialization too.
[    0.000000] CPU MTRRs all blank - virtualized system.
[    0.000000] x86/PAT: Configuration [0-7]: WB  WT  UC- UC  WB  WT  UC- UC  
[    0.000000] found SMP MP-table at [mem 0x0009fff0-0x0009ffff] mapped at [ffff88000009fff0]
[    0.000000] Scanning 1 areas for low memory corruption
[    0.000000] RAMDISK: [mem 0x362dc000-0x37165fff]
[    0.000000] ACPI: Early table checksum verification disabled
[    0.000000] ACPI: RSDP 0x00000000000E0000 000024 (v02 VBOX  )
[    0.000000] ACPI: XSDT 0x000000003FFF0030 00003C (v01 VBOX   VBOXXSDT 00000001 ASL  00000061)
[    0.000000] ACPI: FACP 0x000000003FFF00F0 0000F4 (v04 VBOX   VBOXFACP 00000001 ASL  00000061)
[    0.000000] ACPI: DSDT 0x000000003FFF0470 002325 (v02 VBOX   VBOXBIOS 00000002 INTL 20120111)
[    0.000000] ACPI: FACS 0x000000003FFF0200 000040
[    0.000000] ACPI: FACS 0x000000003FFF0200 000040
[    0.000000] ACPI: APIC 0x000000003FFF0240 00005C (v02 VBOX   VBOXAPIC 00000001 ASL  00000061)
[    0.000000] ACPI: SSDT 0x000000003FFF02A0 0001CC (v01 VBOX   VBOXCPUT 00000002 INTL 20120111)
[    0.000000] No NUMA configuration found
[    0.000000] Faking a node at [mem 0x0000000000000000-0x000000003ffeffff]
[    0.000000] NODE_DATA(0) allocated [mem 0x3ffeb000-0x3ffeffff]
[    0.000000] kvm-clock: Using msrs 4b564d01 and 4b564d00
[    0.000000] kvm-clock: cpu 0, msr 0:3ffe3001, primary cpu clock
[    0.000000] kvm-clock: using sched offset of 3845474654 cycles
[    0.000000] clocksource: kvm-clock: mask: 0xffffffffffffffff max_cycles: 0x1cd42e4dffb, max_idle_ns: 881590591483 ns
[    0.000000] Zone ranges:
[    0.000000]   DMA      [mem 0x0000000000001000-0x0000000000ffffff]
[    0.000000]   DMA32    [mem 0x0000000001000000-0x000000003ffeffff]
[    0.000000]   Normal   empty
[    0.000000]   Device   empty
[    0.000000] Movable zone start for each node
[    0.000000] Early memory node ranges
[    0.000000]   node   0: [mem 0x0000000000001000-0x000000000009efff]
[    0.000000]   node   0: [mem 0x0000000000100000-0x000000003ffeffff]
[    0.000000] Initmem setup node 0 [mem 0x0000000000001000-0x000000003ffeffff]
[    0.000000] ACPI: PM-Timer IO Port: 0x4008
[    0.000000] IOAPIC[0]: apic_id 2, version 32, address 0xfec00000, GSI 0-23
[    0.000000] ACPI: INT_SRC_OVR (bus 0 bus_irq 0 global_irq 2 dfl dfl)
[    0.000000] ACPI: INT_SRC_OVR (bus 0 bus_irq 9 global_irq 9 low level)
[    0.000000] Using ACPI (MADT) for SMP configuration information
[    0.000000] smpboot: Allowing 2 CPUs, 0 hotplug CPUs
[    0.000000] PM: Registered nosave memory: [mem 0x00000000-0x00000fff]
[    0.000000] PM: Registered nosave memory: [mem 0x0009f000-0x0009ffff]
[    0.000000] PM: Registered nosave memory: [mem 0x000a0000-0x000effff]
[    0.000000] PM: Registered nosave memory: [mem 0x000f0000-0x000fffff]
[    0.000000] e820: [mem 0x40000000-0xfebfffff] available for PCI devices
[    0.000000] Booting paravirtualized kernel on KVM
[    0.000000] clocksource: refined-jiffies: mask: 0xffffffff max_cycles: 0xffffffff, max_idle_ns: 7645519600211568 ns
[    0.000000] setup_percpu: NR_CPUS:512 nr_cpumask_bits:512 nr_cpu_ids:2 nr_node_ids:1
[    0.000000] PERCPU: Embedded 33 pages/cpu @ffff88003fc00000 s95192 r8192 d31784 u1048576
[    0.000000] Built 1 zonelists in Node order, mobility grouping on.  Total pages: 257912
[    0.000000] Policy zone: DMA32
[    0.000000] Kernel command line: BOOT_IMAGE=/boot/vmlinuz-4.4.0-210-generic root=LABEL=cloudimg-rootfs ro console=tty1 console=ttyS0
[    0.000000] PID hash table entries: 4096 (order: 3, 32768 bytes)
[    0.000000] Memory: 997792K/1048120K available (8644K kernel code, 1332K rwdata, 4044K rodata, 1492K init, 1164K bss, 50328K reserved, 0K cma-reserved)
[    0.000000] SLUB: HWalign=64, Order=0-3, MinObjects=0, CPUs=2, Nodes=1
[    0.000000] Kernel/User page tables isolation: enabled
[    0.000000] Hierarchical RCU implementation.
[    0.000000] 	Build-time adjustment of leaf fanout to 64.
[    0.000000] 	RCU restricting CPUs from NR_CPUS=512 to nr_cpu_ids=2.
[    0.000000] RCU: Adjusting geometry for rcu_fanout_leaf=64, nr_cpu_ids=2
[    0.000000] NR_IRQS:33024 nr_irqs:440 16
[    0.000000] Console: colour VGA+ 80x25
[    0.000000] console [tty1] enabled
[    0.000000] console [ttyS0] enabled
[    0.000000] tsc: Detected 1800.000 MHz processor
[    0.207606] Calibrating delay loop (skipped) preset value.. 3600.00 BogoMIPS (lpj=7200000)
[    0.210683] pid_max: default: 32768 minimum: 301
[    0.212150] ACPI: Core revision 20150930
[    0.214396] ACPI: 2 ACPI AML tables successfully acquired and loaded
[    0.216500] Security Framework initialized
[    0.218251] Yama: becoming mindful.
[    0.220241] AppArmor: AppArmor initialized
[    0.221650] Dentry cache hash table entries: 131072 (order: 8, 1048576 bytes)
[    0.225439] Inode-cache hash table entries: 65536 (order: 7, 524288 bytes)
[    0.229870] Mount-cache hash table entries: 2048 (order: 2, 16384 bytes)
[    0.231944] Mountpoint-cache hash table entries: 2048 (order: 2, 16384 bytes)
[    0.234182] Initializing cgroup subsys io
[    0.235567] Initializing cgroup subsys memory
[    0.236965] Initializing cgroup subsys devices
[    0.238442] Initializing cgroup subsys freezer
[    0.239857] Initializing cgroup subsys net_cls
[    0.241265] Initializing cgroup subsys perf_event
[    0.242799] Initializing cgroup subsys net_prio
[    0.244238] Initializing cgroup subsys hugetlb
[    0.245656] Initializing cgroup subsys pids
[    0.255285] mce: CPU supports 0 MCE banks
[    0.257040] Last level iTLB entries: 4KB 64, 2MB 8, 4MB 8
[    0.260805] Last level dTLB entries: 4KB 64, 2MB 0, 4MB 0, 1GB 4
[    0.262980] Spectre V1 : Mitigation: usercopy/swapgs barriers and __user pointer sanitization
[    0.265688] Spectre V2 : Mitigation: Full generic retpoline
[    0.269443] Spectre V2 : Spectre v2 / SpectreRSB mitigation: Filling RSB on context switch
[    0.272188] Speculative Store Bypass: Vulnerable
[    0.273651] SRBDS: Unknown: Dependent on hypervisor status
[    0.275546] MDS: Mitigation: Clear CPU buffers
[    0.280241] Freeing SMP alternatives memory: 36K
[    0.288582] ftrace: allocating 32380 entries in 127 pages
[    0.353657] smpboot: APIC(0) Converting physical 0 to logical package 0
[    0.357855] smpboot: Max logical packages: 1
[    0.359593] x2apic enabled
[    0.360824] Switched APIC routing to physical x2apic.
[    0.363648] ..TIMER: vector=0x30 apic1=0 pin1=2 apic2=-1 pin2=-1
[    0.473604] smpboot: CPU0: Intel(R) Core(TM) i5-5350U CPU @ 1.80GHz (family: 0x6, model: 0x3d, stepping: 0x4)
[    0.477577] Performance Events: unsupported p6 CPU model 61 no PMU driver, software events only.
[    0.492377] KVM setup paravirtual spinlock
[    0.494899] x86: Booting SMP configuration:
[    0.496656] .... node  #0, CPUs:      #1
[    0.498368] kvm-clock: cpu 1, msr 0:3ffe3041, secondary cpu clock
[    0.507267] mce: CPU supports 0 MCE banks
[    0.510277] x86: Booted up 1 node, 2 CPUs
[    0.512130] smpboot: Total of 2 processors activated (7200.00 BogoMIPS)
[    0.514838] devtmpfs: initialized
[    0.517471] evm: security.selinux
[    0.518862] evm: security.SMACK64
[    0.520402] evm: security.SMACK64EXEC
[    0.521895] evm: security.SMACK64TRANSMUTE
[    0.523300] evm: security.SMACK64MMAP
[    0.524514] evm: security.ima
[    0.525601] evm: security.capability
[    0.527425] clocksource: jiffies: mask: 0xffffffff max_cycles: 0xffffffff, max_idle_ns: 7645041785100000 ns
[    0.530770] futex hash table entries: 512 (order: 3, 32768 bytes)
[    0.532760] pinctrl core: initialized pinctrl subsystem
[    0.535064] RTC time: 19:01:40, date: 11/29/21
[    0.536924] NET: Registered protocol family 16
[    0.550536] cpuidle: using governor ladder
[    0.563237] cpuidle: using governor menu
[    0.565783] PCCT header not found.
[    0.567402] ACPI: bus type PCI registered
[    0.569218] acpiphp: ACPI Hot Plug PCI Controller Driver version: 0.5
[    0.572271] PCI: Using configuration type 1 for base access
[    0.588134] ACPI: Added _OSI(Module Device)
[    0.590151] ACPI: Added _OSI(Processor Device)
[    0.591857] ACPI: Added _OSI(3.0 _SCP Extensions)
[    0.593341] ACPI: Added _OSI(Processor Aggregator Device)
[    0.596019] ACPI: Executed 1 blocks of module-level executable AML code
[    0.600281] ACPI: Interpreter enabled
[    0.601738] ACPI: (supports S0 S5)
[    0.603245] ACPI: Using IOAPIC for interrupt routing
[    0.605145] PCI: Using host bridge windows from ACPI; if necessary, use "pci=nocrs" and report a bug
[    0.613578] ACPI: PCI Root Bridge [PCI0] (domain 0000 [bus 00-ff])
[    0.615944] acpi PNP0A03:00: _OSC: OS supports [ASPM ClockPM Segments MSI]
[    0.619051] acpi PNP0A03:00: _OSC: not requesting OS control; OS requires [ExtendedConfig ASPM ClockPM MSI]
[    0.622537] acpi PNP0A03:00: fail to add MMCONFIG information, can't access extended PCI configuration space under this bridge.
[    0.626522] PCI host bridge to bus 0000:00
[    0.628219] pci_bus 0000:00: root bus resource [io  0x0000-0x0cf7 window]
[    0.630439] pci_bus 0000:00: root bus resource [io  0x0d00-0xffff window]
[    0.632464] pci_bus 0000:00: root bus resource [mem 0x000a0000-0x000bffff window]
[    0.634897] pci_bus 0000:00: root bus resource [mem 0x40000000-0xfdffffff window]
[    0.637413] pci_bus 0000:00: root bus resource [bus 00-ff]
[    0.642511] pci 0000:00:01.1: legacy IDE quirk: reg 0x10: [io  0x01f0-0x01f7]
[    0.645175] pci 0000:00:01.1: legacy IDE quirk: reg 0x14: [io  0x03f6]
[    0.647560] pci 0000:00:01.1: legacy IDE quirk: reg 0x18: [io  0x0170-0x0177]
[    0.660576] pci 0000:00:01.1: legacy IDE quirk: reg 0x1c: [io  0x0376]
[    0.686573] pci 0000:00:07.0: quirk: [io  0x4000-0x403f] claimed by PIIX4 ACPI
[    0.689355] pci 0000:00:07.0: quirk: [io  0x4100-0x410f] claimed by PIIX4 SMB
[    0.700478] ACPI: PCI Interrupt Link [LNKA] (IRQs 5 9 10 *11)
[    0.703469] ACPI: PCI Interrupt Link [LNKB] (IRQs 5 9 *10 11)
[    0.706240] ACPI: PCI Interrupt Link [LNKC] (IRQs 5 *9 10 11)
[    0.709241] ACPI: PCI Interrupt Link [LNKD] (IRQs 5 9 10 *11)
[    0.711988] ACPI: Enabled 2 GPEs in block 00 to 07
[    0.713959] vgaarb: setting as boot device: PCI:0000:00:02.0
[    0.715754] vgaarb: device added: PCI:0000:00:02.0,decodes=io+mem,owns=io+mem,locks=none
[    0.718912] vgaarb: loaded
[    0.719899] vgaarb: bridge control possible 0000:00:02.0
[    0.721820] SCSI subsystem initialized
[    0.723254] ACPI: bus type USB registered
[    0.724610] usbcore: registered new interface driver usbfs
[    0.726324] usbcore: registered new interface driver hub
[    0.728053] usbcore: registered new device driver usb
[    0.731386] PCI: Using ACPI for IRQ routing
[    0.733468] NetLabel: Initializing
[    0.734967] NetLabel:  domain hash size = 128
[    0.736700] NetLabel:  protocols = UNLABELED CIPSOv4
[    0.738565] NetLabel:  unlabeled traffic allowed by default
[    0.740461] amd_nb: Cannot enumerate AMD northbridges
[    0.742653] clocksource: Switched to clocksource kvm-clock
[    0.752996] AppArmor: AppArmor Filesystem Enabled
[    0.755094] pnp: PnP ACPI init
[    0.757921] pnp: PnP ACPI: found 3 devices
[    0.770373] clocksource: acpi_pm: mask: 0xffffff max_cycles: 0xffffff, max_idle_ns: 2085701024 ns
[    0.776283] NET: Registered protocol family 2
[    0.778813] TCP established hash table entries: 8192 (order: 4, 65536 bytes)
[    0.781714] TCP bind hash table entries: 8192 (order: 5, 131072 bytes)
[    0.784443] TCP: Hash tables configured (established 8192 bind 8192)
[    0.787080] UDP hash table entries: 512 (order: 2, 16384 bytes)
[    0.789645] UDP-Lite hash table entries: 512 (order: 2, 16384 bytes)
[    0.792353] NET: Registered protocol family 1
[    0.795440] pci 0000:00:00.0: Limiting direct PCI/PCI transfers
[    0.798405] pci 0000:00:01.0: Activating ISA DMA hang workarounds
[    0.801374] Unpacking initramfs...
[    1.077409] Freeing initrd memory: 14888K
[    1.079221] RAPL PMU detected, API unit is 2^-32 Joules, 4 fixed counters 10737418240 ms ovfl timer
[    1.082177] hw unit of domain pp0-core 2^-0 Joules
[    1.083725] hw unit of domain package 2^-0 Joules
[    1.085215] hw unit of domain dram 2^-0 Joules
[    1.086816] hw unit of domain pp1-gpu 2^-0 Joules
[    1.088597] clocksource: tsc: mask: 0xffffffffffffffff max_cycles: 0x19f2297dd97, max_idle_ns: 440795236593 ns
[    1.092036] platform rtc_cmos: registered platform RTC device (no PNP device found)
[    1.094520] Scanning for low memory corruption every 60 seconds
[    1.096913] audit: initializing netlink subsys (disabled)
[    1.098945] audit: type=2000 audit(1638212505.742:1): initialized
[    1.101286] Initialise system trusted keyring
[    1.102964] HugeTLB registered 2 MB page size, pre-allocated 0 pages
[    1.106480] zbud: loaded
[    1.108060] VFS: Disk quotas dquot_6.6.0
[    1.109482] VFS: Dquot-cache hash table entries: 512 (order 0, 4096 bytes)
[    1.112201] squashfs: version 4.0 (2009/01/31) Phillip Lougher
[    1.114324] fuse init (API version 7.23)
[    1.116111] Key type big_key registered
[    1.117723] Allocating IMA MOK and blacklist keyrings.
[    1.120757] Key type asymmetric registered
[    1.122133] Asymmetric key parser 'x509' registered
[    1.123800] Block layer SCSI generic (bsg) driver version 0.4 loaded (major 249)
[    1.126263] io scheduler noop registered
[    1.127609] io scheduler deadline registered (default)
[    1.129243] io scheduler cfq registered
[    1.130602] pci_hotplug: PCI Hot Plug PCI Core version: 0.5
[    1.132379] pciehp: PCI Express Hot Plug Controller Driver version: 0.4
[    1.134856] ACPI: AC Adapter [AC] (off-line)
[    1.136325] input: Power Button as /devices/LNXSYSTM:00/LNXPWRBN:00/input/input0
[    1.138724] ACPI: Power Button [PWRF]
[    1.140115] input: Sleep Button as /devices/LNXSYSTM:00/LNXSLPBN:00/input/input1
[    1.142838] ACPI: Sleep Button [SLPF]
[    1.144622] GHES: HEST is not enabled!
[    1.146340] ACPI: Battery Slot [BAT0] (battery present)
[    1.149649] Serial: 8250/16550 driver, 32 ports, IRQ sharing enabled
[    1.172891] 00:02: ttyS0 at I/O 0x3f8 (irq = 4, base_baud = 115200) is a 16550A
[    1.180688] Linux agpgart interface v0.103
[    1.183875] loop: module loaded
[    1.185740] scsi host0: ata_piix
[    1.187061] scsi host1: ata_piix
[    1.188214] ata1: PATA max UDMA/33 cmd 0x1f0 ctl 0x3f6 bmdma 0xd000 irq 14
[    1.190246] ata2: PATA max UDMA/33 cmd 0x170 ctl 0x376 bmdma 0xd008 irq 15
[    1.192767] libphy: Fixed MDIO Bus: probed
[    1.194131] tun: Universal TUN/TAP device driver, 1.6
[    1.195813] tun: (C) 1999-2004 Max Krasnyansky <maxk@qualcomm.com>
[    1.198346] PPP generic driver version 2.4.2
[    1.200007] ehci_hcd: USB 2.0 'Enhanced' Host Controller (EHCI) Driver
[    1.201964] ehci-pci: EHCI PCI platform driver
[    1.203562] ehci-platform: EHCI generic platform driver
[    1.205195] ohci_hcd: USB 1.1 'Open' Host Controller (OHCI) Driver
[    1.207382] ohci-pci: OHCI PCI platform driver
[    1.209045] ohci-platform: OHCI generic platform driver
[    1.210718] uhci_hcd: USB Universal Host Controller Interface driver
[    1.212774] i8042: PNP: PS/2 Controller [PNP0303:PS2K,PNP0f03:PS2M] at 0x60,0x64 irq 1,12
[    1.216046] serio: i8042 KBD port at 0x60,0x64 irq 1
[    1.217645] serio: i8042 AUX port at 0x60,0x64 irq 12
[    1.219536] mousedev: PS/2 mouse device common for all mice
[    1.222161] input: AT Translated Set 2 keyboard as /devices/platform/i8042/serio0/input/input2
[    1.225819] rtc_cmos rtc_cmos: rtc core: registered rtc_cmos as rtc0
[    1.228095] rtc_cmos rtc_cmos: alarms up to one day, 114 bytes nvram
[    1.230015] i2c /dev entries driver
[    1.231283] device-mapper: uevent: version 1.0.3
[    1.232883] device-mapper: ioctl: 4.34.0-ioctl (2015-10-28) initialised: dm-devel@redhat.com
[    1.236894] ledtrig-cpu: registered to indicate activity on CPUs
[    1.239987] NET: Registered protocol family 10
[    1.241757] NET: Registered protocol family 17
[    1.243632] Key type dns_resolver registered
[    1.245678] registered taskstats version 1
[    1.247269] Loading compiled-in X.509 certificates
[    1.249450] Loaded X.509 cert 'Build time autogenerated kernel key: cf00e047681d67edb2720680708b7d9498083038'
[    1.252613] zswap: loaded using pool lzo/zbud
[    1.256473] Key type trusted registered
[    1.262389] Key type encrypted registered
[    1.264098] AppArmor: AppArmor sha1 policy hashing enabled
[    1.265814] ima: No TPM chip found, activating TPM-bypass!
[    1.268043] ima: Allocated hash algorithm: sha1
[    1.269576] evm: HMAC attrs: 0x1
[    1.271266]   Magic number: 13:189:42
[    1.272722] bdi 7:7: hash matches
[    1.273949] rtc_cmos rtc_cmos: setting system clock to 2021-11-29 19:01:41 UTC (1638212501)
[    1.277482] BIOS EDD facility v0.16 2004-Jun-25, 0 devices found
[    1.279411] EDD information not available.
[    1.371592] Freeing unused kernel memory: 1492K
[    1.373401] Write protecting the kernel read-only data: 14336k
[    1.376292] Freeing unused kernel memory: 1584K
[    1.378755] Freeing unused kernel memory: 52K
Loading, please wait...
starting version 229
[    1.396822] random: systemd-udevd: uninitialized urandom read (16 bytes read, 3 bits of entropy available)
[    1.397502] random: udevadm: uninitialized urandom read (16 bytes read, 3 bits of entropy available)
[    1.397542] random: udevadm: uninitialized urandom read (16 bytes read, 3 bits of entropy available)
[    1.408114] random: systemd-udevd: uninitialized urandom read (16 bytes read, 3 bits of entropy available)
[    1.411191] random: udevadm: uninitialized urandom read (16 bytes read, 3 bits of entropy available)
[    1.411271] random: udevadm: uninitialized urandom read (16 bytes read, 3 bits of entropy available)
[    1.411461] random: udevadm: uninitialized urandom read (16 bytes read, 3 bits of entropy available)
[    1.411522] random: udevadm: uninitialized urandom read (16 bytes read, 3 bits of entropy available)
[    1.411583] random: udevadm: uninitialized urandom read (16 bytes read, 3 bits of entropy available)
[    1.411642] random: udevadm: uninitialized urandom read (16 bytes read, 3 bits of entropy available)
[    1.474271] e1000: Intel(R) PRO/1000 Network Driver - version 7.3.21-k8-NAPI
[    1.477440] e1000: Copyright (c) 1999-2006 Intel Corporation.
[    1.482046] Fusion MPT base driver 3.04.20
[    1.484131] Copyright (c) 1999-2008 LSI Corporation
[    1.492240] Fusion MPT SPI Host driver 3.04.20
[    1.529782] AVX2 version of gcm_enc/dec engaged.
[    1.531986] AES CTR mode by8 optimization enabled
[    1.696287] input: ImExPS/2 Generic Explorer Mouse as /devices/platform/i8042/serio1/input/input4
[    1.928558] e1000 0000:00:03.0 eth0: (PCI:33MHz:32-bit) 02:be:82:6b:cc:1d
[    1.931521] e1000 0000:00:03.0 eth0: Intel(R) PRO/1000 Network Connection
[    1.936454] mptbase: ioc0: Initiating bringup
[    1.938024] e1000 0000:00:03.0 enp0s3: renamed from eth0
[    2.003243] ioc0: LSI53C1030 A0: Capabilities={Initiator}
[    2.171020] scsi host2: ioc0: LSI53C1030 A0, FwRev=00000000h, Ports=1, MaxQ=256, IRQ=20
[    2.284216] scsi 2:0:0:0: Direct-Access     VBOX     HARDDISK         1.0  PQ: 0 ANSI: 5
[    2.287540] scsi target2:0:0: Beginning Domain Validation
[    2.290428] scsi target2:0:0: Domain Validation skipping write tests
[    2.303174] scsi target2:0:0: Ending Domain Validation
[    2.305742] scsi target2:0:0: asynchronous
[    2.308526] scsi 2:0:1:0: Direct-Access     VBOX     HARDDISK         1.0  PQ: 0 ANSI: 5
[    2.311218] scsi target2:0:1: Beginning Domain Validation
[    2.313901] scsi target2:0:1: Domain Validation skipping write tests
[    2.316807] scsi target2:0:1: Ending Domain Validation
[    2.318454] scsi target2:0:1: asynchronous
[    2.326239] sd 2:0:0:0: [sda] 83886080 512-byte logical blocks: (42.9 GB/40.0 GiB)
[    2.326477] sd 2:0:0:0: Attached scsi generic sg0 type 0
[    2.326649] sd 2:0:1:0: Attached scsi generic sg1 type 0
[    2.327373] sd 2:0:1:0: [sdb] 20480 512-byte logical blocks: (10.5 MB/10.0 MiB)
[    2.327642] sd 2:0:1:0: [sdb] Write Protect is off
[    2.327865] sd 2:0:1:0: [sdb] Incomplete mode parameter data
[    2.327866] sd 2:0:1:0: [sdb] Assuming drive cache: write through
[    2.330889] sd 2:0:1:0: [sdb] Attached SCSI disk
[    2.345175] sd 2:0:0:0: [sda] Write Protect is off
[    2.347441] sd 2:0:0:0: [sda] Incomplete mode parameter data
[    2.349275] sd 2:0:0:0: [sda] Assuming drive cache: write through
[    2.352760]  sda: sda1
[    2.354617] sd 2:0:0:0: [sda] Attached SCSI disk
Begin: Loading essential drivers ... [    3.713762] md: linear personality registered for level -1
[    3.719819] md: multipath personality registered for level -4
[    3.725305] md: raid0 personality registered for level 0
[    3.732205] md: raid1 personality registered for level 1
[    3.806672] raid6: sse2x1   gen()  9011 MB/s
[    3.887439] raid6: sse2x1   xor()  7633 MB/s
[    3.956324] raid6: sse2x2   gen() 11442 MB/s
[    4.025700] raid6: sse2x2   xor()  7709 MB/s
[    4.095918] raid6: sse2x4   gen() 13071 MB/s
[    4.164569] raid6: sse2x4   xor()  8932 MB/s
[    4.230772] raid6: avx2x1   gen()  7608 MB/s
[    4.298748] raid6: avx2x2   gen() 15888 MB/s
[    4.366713] raid6: avx2x4   gen() 21439 MB/s
[    4.368923] raid6: using algorithm avx2x4 gen() 21439 MB/s
[    4.371775] raid6: using avx2x2 recovery algorithm
[    4.375080] xor: automatically using best checksumming function:
[    4.414770]    avx       : 24469.000 MB/sec
[    4.418312] async_tx: api initialized (async)
[    4.432663] md: raid6 personality registered for level 6
[    4.435159] md: raid5 personality registered for level 5
[    4.437664] md: raid4 personality registered for level 4
[    4.449030] md: raid10 personality registered for level 10
done.
Begin: Running /scripts/init-premount ... done.
Begin: Mounting root file system ... Begin: Running /scripts/local-top ... done.
Begin: Running /scripts/local-premount ... [    4.489360] Btrfs loaded
Scanning for Btrfs filesystems
done.
Warning: fsck not present, so skipping root file system
[    4.522798] EXT4-fs (sda1): mounted filesystem with ordered data mode. Opts: (null)
done.
Begin: Running /scripts/local-bottom ... done.
Begin: Running /scripts/init-bottom ... done.
[    4.611064] systemd[1]: systemd 229 running in system mode. (+PAM +AUDIT +SELINUX +IMA +APPARMOR +SMACK +SYSVINIT +UTMP +LIBCRYPTSETUP +GCRYPT +GNUTLS +ACL +XZ -LZ4 +SECCOMP +BLKID +ELFUTILS +KMOD -IDN)
[    4.617149] systemd[1]: Detected virtualization oracle.
[    4.618799] systemd[1]: Detected architecture x86-64.

Welcome to [1mUbuntu 16.04.7 LTS[0m!

[    4.623892] systemd[1]: Set hostname to <ubuntu>.
[    4.627739] systemd[1]: Initializing machine ID from random generator.
[    4.629994] systemd[1]: Installed transient /etc/machine-id file.
[    4.779222] systemd[1]: Created slice System Slice.
[[0;32m  OK  [0m] Created slice System Slice.
[    4.782599] systemd[1]: Created slice system-serial\x2dgetty.slice.
[[0;32m  OK  [0m] Created slice system-serial\x2dgetty.slice.
[    4.786637] systemd[1]: Set up automount Arbitrary Executable File Formats File System Automount Point.
[[0;32m  OK  [0m] Set up automount Arbitrary Executab...ats File System Automount Point.
[    4.791954] systemd[1]: Reached target Swap.
[[0;32m  OK  [0m] Reached target Swap.
[    4.794772] systemd[1]: Listening on udev Kernel Socket.
[[0;32m  OK  [0m] Listening on udev Kernel Socket.
[    4.797888] systemd[1]: Reached target User and Group Name Lookups.
[[0;32m  OK  [0m] Reached target User and Group Name Lookups.
[    4.801989] systemd[1]: Listening on Journal Socket.
[[0;32m  OK  [0m] Listening on Journal Socket.
[    4.815722] systemd[1]: Starting Create list of required static device nodes for the current kernel...
         Starting Create list of required st... nodes for the current kernel...
[    4.824340] systemd[1]: Starting Load Kernel Modules...
         Starting Load Kernel Modules...
[    4.836081] systemd[1]: Mounting POSIX Message Queue File System...
         Mounting POSIX Message Queue File System...
[    4.841460] systemd[1]: Starting Nameserver information manager...
[    4.844624] Loading iSCSI transport class v2.0-870.
         Starting Nameserver information manager...
[    4.848497] systemd[1]: Reached target Encrypted Volumes.
[[0;32m  OK  [0m] Reached target Encrypted Volumes.
[    4.852672] systemd[1]: Listening on /dev/initctl Compatibility Named Pipe.
[[0;32m  OK  [0m] Listening on /dev/initctl Compatibility Named Pipe.
[    4.857429] iscsi: registered transport (tcp)
[    4.859419] systemd[1]: Listening on Syslog Socket.
[[0;32m  OK  [0m] Listening on Syslog Socket.
[    4.863985] systemd[1]: Created slice User and Session Slice.
[[0;32m  OK  [0m] Created slice User and Session Slice.
[    4.868104] systemd[1]: Reached target Slices.
[[0;32m  OK  [0m] Reached target Slices.
[    4.871686] systemd[1]: Listening on Journal Socket (/dev/log).
[[0;32m  OK  [0m] Listening on Journal Socket (/dev/log).
[    4.878338] systemd[1]: Listening on LVM2 poll daemon socket.
[[0;32m  OK  [0m] Listening on LVM2 poll daemon socket.
[    4.883442] systemd[1]: Listening on fsck to fsckd communication Socket.
[[0;32m  OK  [0m] Listening on fsck to fsckd communication Socket.
[    4.899105] iscsi: registered transport (iser)
[    4.903157] systemd[1]: Starting File System Check on Root Device...
         Starting File System Check on Root Device...
[    4.908431] systemd[1]: Started Forward Password Requests to Wall Directory Watch.
[[0;32m  OK  [0m] Started Forward Password Requests to Wall Directory Watch.
[    4.915760] systemd[1]: Mounting Huge Pages File System...
         Mounting Huge Pages File System...
[    4.921883] systemd[1]: Mounting Debug File System...
         Mounting Debug File System...
[    4.926224] systemd[1]: Listening on udev Control Socket.
[[0;32m  OK  [0m] Listening on udev Control Socket.
[    4.931708] systemd[1]: Starting Set console keymap...
         Starting Set console keymap...
[    4.938821] systemd[1]: Reached target System Time Synchronized.
[[0;32m  OK  [0m] Reached target System Time Synchronized.
[    4.943893] systemd[1]: Started Trigger resolvconf update for networkd DNS.
[[0;32m  OK  [0m] Started Trigger resolvconf update for networkd DNS.
[    4.949446] systemd[1]: Listening on Device-mapper event daemon FIFOs.
[[0;32m  OK  [0m] Listening on Device-mapper event daemon FIFOs.
[    4.954769] systemd[1]: Listening on Journal Audit Socket.
[[0;32m  OK  [0m] Listening on Journal Audit Socket.
[    4.960006] systemd[1]: Starting Journal Service...
         Starting Journal Service...
[    4.964792] systemd[1]: Listening on LVM2 metadata daemon socket.
[[0;32m  OK  [0m] Listening on LVM2 metadata daemon socket.
[    4.974644] systemd[1]: Starting Monitoring of LVM2 mirrors, snapshots etc. using dmeventd or progress polling...
         Starting Monitoring of LVM2 mirrors... dmeventd or progress polling...
[    4.983805] systemd[1]: Starting Uncomplicated firewall...
         Starting Uncomplicated firewall...
[    4.992577] systemd[1]: Mounted Huge Pages File System.
[[0;32m  OK  [0m] Mounted Huge Pages File System.
[    4.999080] systemd[1]: Mounted POSIX Message Queue File System.
[[0;32m  OK  [0m] Mounted POSIX Message Queue File System.
[    5.004411] systemd[1]: Mounted Debug File System.
[[0;32m  OK  [0m] Mounted Debug File System.
[    5.015932] systemd[1]: Started Journal Service.
[[0;32m  OK  [0m] Started Journal Service.
[[0;32m  OK  [0m] Started Create list of required sta...ce nodes for the current kernel.
[[0;32m  OK  [0m] Started Load Kernel Modules.
[[0;32m  OK  [0m] Started File System Check on Root Device.
[[0;32m  OK  [0m] Started Set console keymap.
[[0;32m  OK  [0m] Started Uncomplicated firewall.
[[0;32m  OK  [0m] Started Nameserver information manager.
[[0;32m  OK  [0m] Started LVM2 metadata daemon.
[[0;32m  OK  [0m] Started File System Check Daemon to report status.
         Starting Remount Root and Kernel File Systems...
         Starting Apply Kernel Variables...
         Mounting FUSE Control File System...
         Starting Create [    5.077634] EXT4-fs (sda1): re-mounted. Opts: (null)
Static Device Nodes in /dev...
[[0;32m  OK  [0m] Mounted FUSE Control File System.
[[0;32m  OK  [0m] Started Apply Kernel Variables.
[[0;32m  OK  [0m] Started Remount Root and Kernel File Systems.
         Starting Flush Journal to Persistent Storage...
         Starting udev Coldplug all Devices...
         Starting Load/Save Random Seed...
[[0;32m  OK  [0m] Started Create Static Device Nodes in /dev.
         Starting udev Kernel Device Manager...
[[0;32m  OK  [0m] Started Flush Journal to Persistent Storage.
[[0;32m  OK  [0m] Started Load/Save Random Seed.
[[0;32m  OK  [0m] Started udev Kernel Device Manager.
[[0;32m  OK  [0m] Started Monitoring of LVM2 mirrors,...ng dmeventd or progress polling.
[[0;32m  OK  [0m] Reached target Local File Systems (Pre).
[[0;32m  OK  [0m] Reached target Local File Systems.
         Starting Initial cloud-init job (pre-networking)...
         Starting Tell Plymouth To Write Out Runtime Data...
         Starting Create Volatile Files and Directories...
         Starting Commit a transient machine-id on disk...
         Starting Set console font and keymap...
         Starting LSB: AppArmor initialization...
[[0;32m  OK  [0m] Started Tell Plymouth To Write Out Runtime Data.
[[0;32m  OK  [0m] Started Create Volatile Files and Directories.
         Starting Update UTMP about System Boot/Shutdown...
[[0;32m  OK  [0m] Started Commit a transient machine-id on disk.
[[0;32m  OK  [0m] Started Update UTMP about System Boot/Shutdown.
[[0;32m  OK  [0m] Started udev Coldplug all Devices.
[[0;32m  OK  [0m] Started Dispatch Password Requests to Console Directory Watch.
[[0;32m  OK  [0m] Found device /dev/ttyS0.
[[0;32m  OK  [0m] Listening on Load/Save RF Kill Switch Status /dev/rfkill Watch.
[[0;32m  OK  [0m] Started Set console font and keymap.
[[0;32m  OK  [0m] Started LSB: AppArmor initialization.
[[0;32m  OK  [0m] Started Initial cloud-init job (pre-networking).
[[0;32m  OK  [0m] Reached target Network (Pre).
         Starting Load AppArmor profiles managed internally by snapd...
[    6.580462] cloud-init[483]: Cloud-init v. 21.1-19-gbad84ad4-0ubuntu1~16.04.2 running 'init-local' at Mon, 29 Nov 2021 19:01:46 +0000. Up 6.05 seconds.
         Starting Raise network interfaces...
[[0;32m  OK  [0m] Created slice system-getty.slice.
[[0;32m  OK  [0m] Started Load AppArmor profiles managed internally by snapd.
[[0;32m  OK  [0m] Started Raise network interfaces.
         Starting Initial cloud-init job (metadata service crawler)...
[[0;32m  OK  [0m] Reached target Network.
[    8.121599] cloud-init[946]: Cloud-init v. 21.1-19-gbad84ad4-0ubuntu1~16.04.2 running 'init' at Mon, 29 Nov 2021 19:01:48 +0000. Up 7.55 seconds.
[    8.125860] cloud-init[946]: ci-info: ++++++++++++++++++++++++++++++++++++++Net device info++++++++++++++++++++++++++++++++++++++
[    8.134854] cloud-init[946]: ci-info: +--------+------+----------------------------+---------------+--------+-------------------+
[    8.140634] cloud-init[946]: ci-info: | Device |  Up  |          Address           |      Mask     | Scope  |     Hw-Address    |
[    8.145243] cloud-init[946]: ci-info: +--------+------+----------------------------+---------------+--------+-------------------+
[    8.149900] cloud-init[946]: ci-info: | enp0s3 | True |         10.0.2.15          | 255.255.255.0 | global | 02:be:82:6b:cc:1d |
[    8.154578] cloud-init[946]: ci-info: | enp0s3 | True | fe80::be:82ff:fe6b:cc1d/64 |       .       |  link  | 02:be:82:6b:cc:1d |
[    8.159184] cloud-init[946]: ci-info: |   lo   | True |         127.0.0.1          |   255.0.0.0   |  host  |         .         |
[    8.163832] cloud-init[946]: ci-info: |   lo   | True |          ::1/128           |       .       |  host  |         .         |
[    8.168487] cloud-init[946]: ci-info: +--------+------+----------------------------+---------------+--------+-------------------+
[    8.173053] cloud-init[946]: ci-info: +++++++++++++++++++++++++++Route IPv4 info++++++++++++++++++++++++++++
[    8.176928] cloud-init[946]: ci-info: +-------+-------------+----------+---------------+-----------+-------+
[    8.180973] [[0;32m  OK  [0m] Started Initial cloud-init job (metadata service crawler).
[[0;32m  OK  [0m] Reached target System Initialization.
[[0;32m  OK  [0m] Listening on ACPID Listen Socket.
[[0;32m  OK  [0m] Started Daily apt download activities.
         Starting LXD - unix socket.
cloud-init[946]: ci-info: | Route | Destination | Gateway  |    Genmask    | Interface | Flags |
[[0;32m  OK  [0m] Started ACPI Events Check.
[    8.193744] [[0;32m  OK  [0m] Reached target Paths.
[[0;32m  OK  [0m] Listening on UUID daemon activation socket.
[[0;32m  OK  [0m] Started Daily Cleanup of Temporary Directories.
[[0;32m  OK  [0m] Started Ubuntu Advantage update messaging.
[[0;32m  OK  [0m] Started Message of the Day.
[[0;32m  OK  [0m] Started Daily apt upgrade and clean activities.
[[0;32m  OK  [0m] Reached target Timers.
         Starting Socket activation for snappy daemon.
[[0;32m  OK  [0m] Listening on D-Bus System Message Bus Socket.
[[0;32m  OK  [0m] Reached target Cloud-config availability.
[[0;32m  OK  [0m] Reached target Network is Online.
cloud-init[946]: ci-info: +-------+-------------+----------+---------------+-----------+-------+
[    8.214966] cloud-init[946]: ci-info: |   0   |   0.0.0.0   | 10.0.2.2 |    0.0.0.0    |   enp0s3  |   UG  |
[    8.225468] cloud-init[946]: ci-info: |   1   |   10.0.2.0  | 0.0.0.0  | 255.255.255.0 |   enp0s3  |   U   |         Starting iSCSI initiator daemon (iscsid)...
[[0;32m  OK  [0m] Listening on LXD - unix socket.
[[0;32m  OK  [0m] Listening on Socket activation for snappy daemon.
[[0;32m  OK  [0m] Reached target Sockets.
[[0;32m  OK  [0m] Reached target Basic System.
         Starting Virtualbox guest utils...
         Starting Login Service...

[    8.238233] cloud-init[[0;32m  OK  [0m] Started Regular background program processing daemon.
[[0;32m  OK  [0m] Started FUSE filesystem for LXC.
[[0;32m  OK  [0m] Started Deferred execution scheduler.
         Starting LSB: Record successful boot for GRUB...
         Starting /etc/rc.local Compatibility...
         Starting System Logging Service...
         Starting LSB: MD monitoring daemon...
         Starting Accounts Service...
[946]: ci-info: +-------+-------------+----------+---------------+-----------+-------+         Starting Snap Daemon...
[[0;32m  OK  [0m] Started D-Bus System Message Bus.

[    8.290216] cloud-init[946]: ci-info: +++++++++++++++++++Route IPv6 info+++++++++++++++++++
[    8.308125] cloud-init[946]: ci-info: +-------+-------------+---------+-----------+-------+
         Starting Pollinate to seed the pseudo random number generator...
[    8.326626] cloud-init[946]: ci-info: | Route | Destination | Gateway | Interface | Flags |
[[0;32m  OK  [0m] Started ACPI event daemon.
         Starting LXD - container startup/shutdown...
[[0;32m  OK  [0m] Started System Logging Service.
[[0;32m  OK  [0m] Started /etc/rc.local Compatibility.
[    8.356132] cloud-init[946]: ci-info: +-------+-------------+---------+-----------+-------+[[0;32m  OK  [0m] Started Login Service.

[[0;32m  OK  [0m] Started Unattended Upgrades Shutdown.
[    8.408632] [[0;32m  OK  [0m] Started iSCSI initiator daemon (iscsid).
         Starting Login to default iSCSI targets...
[[0;32m  OK  [0m] Started LSB: Record successful boot for GRUB.
         Starting Authenticate and Authorize Users to Run Privileged Tasks...
cloud-init[946]: ci-info: |   0   |  fe80::/64  |    ::   |   enp0s3  |   U   |
[    8.461445] cloud-init[946]: ci-info: |   3   |   ff00::/8  |    ::   |   enp0s3  |   U   |
[    8.469866] cloud-init[946]: ci-info: +-------+-------------+---------+-----------+-------+
[[0;32m  OK  [0m] Started LSB: MD monitoring daemon.
[[0;32m  OK  [0m] Started Login to default iSCSI targets.
[[0;32m  OK  [0m] Reached target Remote File Systems (Pre).
[[0;32m  OK  [0m] Reached target Remote File Systems.
[    8.510002] cloud-init[946]: Generating public/private rsa key pair.
         Starting LSB: automatic crash report generation...
         Starting Permit User Sessions...
         Starting LSB: Set the CPU Frequency Scaling governor to "ondemand"...
         Starting LSB: daemon to balance interrupts for SMP systems...
[[0;32m  OK  [0m] Started Permit User Sessions.
[    8.613522] cloud-init[946]: Your identification has been saved in /etc/ssh/ssh_host_rsa_key.
         Starting Hold until boot process finishes up...
         Starting Terminate Plymouth Boot Screen...
[[0;32m  OK  [0m] Started Hold until boot process finishes up.
[[0;32m  OK  [0m] Started Authenticate and Authorize Users to Run Privileged Tasks.
[[0;32m  OK  [0m] Started Accounts Service.
         Starting Set console scheme...
[[0;32m  OK  [0m] Started Getty on tty1.
[[0;32m  OK  [0m] Started Serial Getty on ttyS0.
[[0;32m  OK  [0m] Reached target Login Prompts.
[[0;32m  OK  [0m] Started Terminate Plymouth Boot Screen.
[    8.634393] cloud-init[946]: Your public key has been saved in /etc/ssh/ssh_host_rsa_key.pub.
[    8.694070] cloud-init[946]: [[0;32m  OK  [0m] Started Set console scheme.
The key fingerprint is:
[    8.710728] cloud-init[946]: SHA256:SmKNmk8OC0/WvVqKFGo9lr6nquthGJ5SE7KoZEt1c/Q root@ubuntu-xenial
[[0;32m  OK  [0m] Started LSB: Set the CPU Frequency Scaling governor to "ondemand".
[    8.714977] cloud-init[946]: The key's randomart image is:
[[0;32m  OK  [0m] Started LXD - container startup/shutdown.
[[0;32m  OK  [0m] Started LSB: automatic crash report generation.
[    8.739926] cloud-init[946]: +---[RSA 2048]----+
[    8.751320] cloud-init[946]: |       .         |
[    8.753855] cloud-init[946]: |      . .        |
[    8.757853] cloud-init[946]: |. .. o . E       |
[    8.761663] cloud-init[946]: |.o...oo          |
[    8.765926] cloud-init[946]: |+++ + o S        |
[    8.769565] cloud-init[946]: |B++B.+ .         |
[    8.776574] cloud-init[946]: |*BB=o +          |
[    8.798119] cloud-init[946]: |+*+B.+ .         |
[    8.809195] cloud-init[946]: |=+=+O..          |
[[0;32m  OK  [0m] Started LSB: daemon to balance interrupts for SMP systems.
[    8.814754] cloud-init[946]: +----[SHA256]-----+
[    8.834534] cloud-init[946]: Generating public/private dsa key pair.
[[0;32m  OK  [0m] Started Virtualbox guest utils.
[    8.847820] cloud-init[946]: Your identification has been saved in /etc/ssh/ssh_host_dsa_key.
[    8.862013] cloud-init[946]: Your public key has been saved in /etc/ssh/ssh_host_dsa_key.pub.
[    8.885063] cloud-init[946]: The key fingerprint is:
[    8.889685] cloud-init[946]: SHA256:a/4uZeN+Ndn8GmYW8a1ZIb0TPYcR3J2QWeOboxyctuE root@ubuntu-xenial
[    8.894603] cloud-init[946]: The key's randomart image is:
[    8.896449] cloud-init[946]: +---[DSA 1024]----+
[    8.898842] cloud-init[946]: |             oB=o|
[    8.902321] cloud-init[946]: |             o++=|
[    8.905469] cloud-init[946]: |             .o*o|
[    8.908345] cloud-init[946]: |            . ooX|
[    8.910794] cloud-init[946]: |        S    *.X+|
[    8.913381] cloud-init[946]: |         .+ + O==|
[    8.915255] cloud-init[946]: |        o+ . EB..|
[    8.917668] cloud-init[946]: |       o. . .+ ..|
[    8.919559] cloud-init[946]: |        .=+.  .. |
[    8.923104] cloud-init[946]: +----[SHA256]-----+
[    8.925362] cloud-init[946]: Generating public/private ecdsa key pair.
[    8.928173] cloud-init[946]: Your identification has been saved in /etc/ssh/ssh_host_ecdsa_key.
[    8.933250] cloud-init[946]: Your public key has been saved in /etc/ssh/ssh_host_ecdsa_key.pub.
[    8.936967] cloud-init[946]: The key fingerprint is:
[    8.939886] cloud-init[946]: SHA256:iE/K1WwVDa4jld2UCjRLWSo0jUSU78ADPVlMZyvIciU root@ubuntu-xenial
[    8.946476] cloud-init[946]: The key's randomart image is:
[    8.949000] cloud-init[946]: +---[ECDSA 256]---+
[    8.952073] cloud-init[946]: |     =EXBo*o..   |
[    8.964350] cloud-init[946]: |    .o**=X =o    |
[    8.967385] cloud-init[946]: |    .o=o*.=..    |
[    8.969584] cloud-init[946]: |     ++*.+.      |
[    8.971771] cloud-init[946]: |    . =+S        |
[    8.974082] cloud-init[946]: |   . = o..       |
[    8.976784] cloud-init[946]: |    o .          |
[    8.978875] cloud-init[946]: |                 |
[    8.981310] cloud-init[946]: |                 |
[    8.983622] cloud-init[946]: +----[SHA256]-----+
[    8.986822] cloud-init[946]: Generating public/private ed25519 key pair.
[    8.989827] cloud-init[946]: Your identification has been saved in /etc/ssh/ssh_host_ed25519_key.
[    8.993998] cloud-init[946]: Your public key has been saved in /etc/ssh/ssh_host_ed25519_key.pub.
[    8.999448] cloud-init[946]: The key fingerprint is:
[    9.002039] cloud-init[946]: SHA256:EEIWZwG0DXt3w0fvWUzNTXaNC5Org8WFWdo7iJgai58 root@ubuntu-xenial
[    9.006463] cloud-init[946]: The key's randomart image is:
[    9.009853] cloud-init[946]: +--[ED25519 256]--+
[    9.012634] cloud-init[946]: |   oOo=.   +o. +O|
[    9.028363] cloud-init[946]: |   . O . .o+=..+*|
[    9.032456] cloud-init[946]: |    o + ..=.o+..o|
[    9.043511] cloud-init[946]: |     . = oo+.o.o |
[    9.053592] cloud-init[946]: |    . o So..o o  |
[    9.056934] [[0;32m  OK  [0m] Started Pollinate to seed the pseudo random number generator.
cloud-init[946]: |   . +  . o  .   |
[    9.064821] cloud-init[946]: |  . o      .     |
[    9.067636] cloud-init[946]: |   . .           |
         Starting OpenBSD Secure Shell server...
[[0;32m  OK  [0m] Started Snap Daemon.
         Starting Wait until snapd is fully seeded...
[    9.080477] cloud-init[946]: |    E            |
[    9.088332] cloud-init[946]: +----[SHA256]-----+
[[0;32m  OK  [0m] Started OpenBSD Secure Shell server.
[[0;32m  OK  [0m] Started Wait until snapd is fully seeded.
[[0;32m  OK  [0m] Reached target Multi-User System.
[[0;32m  OK  [0m] Reached target Graphical Interface.
         Starting Update UTMP about System Runlevel Changes...
         Starting Apply the settings specified in cloud-config...
[[0;32m  OK  [0m] Started Update UTMP about System Runlevel Changes.
[   10.162313] cloud-init[1302]: Generating locales (this might take a while)...
[   10.991713] cloud-init[1302]:   en_US.UTF-8... done
[   11.001944] cloud-init[1302]: Generation complete.
[   11.325894] cloud-init[1302]: Cloud-init v. 21.1-19-gbad84ad4-0ubuntu1~16.04.2 running 'modules:config' at Mon, 29 Nov 2021 19:01:50 +0000. Up 10.05 seconds.
[[0;32m  OK  [0m] Started Apply the settings specified in cloud-config.
         Starting Execute cloud user/final scripts...
[[0;32m  OK  [0m] Created slice User Slice of vagrant.
         Starting User Manager for UID 1000...
[[0;32m  OK  [0m] Started Session 1 of user vagrant.
[[0;32m  OK  [0m] Started User Manager for UID 1000.
ci-info: no authorized SSH keys fingerprints found for user ubuntu.
<14>Nov 29 19:01:52 ec2: 
<14>Nov 29 19:01:52 ec2: #############################################################
<14>Nov 29 19:01:52 ec2: -----BEGIN SSH HOST KEY FINGERPRINTS-----
<14>Nov 29 19:01:52 ec2: 1024 SHA256:a/4uZeN+Ndn8GmYW8a1ZIb0TPYcR3J2QWeOboxyctuE root@ubuntu-xenial (DSA)
<14>Nov 29 19:01:52 ec2: 256 SHA256:iE/K1WwVDa4jld2UCjRLWSo0jUSU78ADPVlMZyvIciU root@ubuntu-xenial (ECDSA)
<14>Nov 29 19:01:52 ec2: 256 SHA256:EEIWZwG0DXt3w0fvWUzNTXaNC5Org8WFWdo7iJgai58 root@ubuntu-xenial (ED25519)
<14>Nov 29 19:01:52 ec2: 2048 SHA256:SmKNmk8OC0/WvVqKFGo9lr6nquthGJ5SE7KoZEt1c/Q root@ubuntu-xenial (RSA)
<14>Nov 29 19:01:52 ec2: -----END SSH HOST KEY FINGERPRINTS-----
<14>Nov 29 19:01:52 ec2: #############################################################
-----BEGIN SSH HOST KEY KEYS-----
ecdsa-sha2-nistp256 AAAAE2VjZHNhLXNoYTItbmlzdHAyNTYAAAAIbmlzdHAyNTYAAABBBIrdBIlZr0iEWkHYOVBZbB9vmXFIdP7rnBQD1d13LqApk1kIDREfbCusGTrb86GD5WorfHfjEXq6QBYQfouMP7k= root@ubuntu-xenial
ssh-ed25519 AAAAC3NzaC1lZDI1NTE5AAAAIENJBGw25rdRwssS7+K4YCSK4CW/9gtgSELwP9VgY8gl root@ubuntu-xenial
ssh-rsa AAAAB3NzaC1yc2EAAAADAQABAAABAQC7xL5iPv8IZTFjZWdu9lFovLj+kP+RvwglpSEK0wxale1nxJ1Ka1A5uZ7eujZgqOs2kd69T9ICA5rEhszaOxj0tSabHAlrqVwRTKE2+y7AjigX6HLpsTM3R4X0h+m+1M7RfXwcGhSqi6keA/EckKZcbHRLybvGWG0ICyP8CJ+SzuMQiod4rUqh6PXh/NATL1enkk2P7BeP5q/4yXoNZ6VY03bI6Caay2YO8JVwgds++UmeDQHVE4n07loSEgySAAjcyFn0JNWy/1LQaUzTQtcagiiXSmphh6l/D9ZVzt0Vk4/YnwKQTxOIPFXr8gmWcH+kMI+nY7ZUF7iiYpF5x3yb root@ubuntu-xenial
-----END SSH HOST KEY KEYS-----
[   12.163018] cloud-init[1345]: Cloud-init v. 21.1-19-gbad84ad4-0ubuntu1~16.04.2 running 'modules:final' at Mon, 29 Nov 2021 19:01:52 +0000. Up 11.83 seconds.
[   12.172527] cloud-init[1345]: ci-info: no authorized SSH keys fingerprints found for user ubuntu.
[   12.182294] cloud-init[1345]: Cloud-init v. 21.1-19-gbad84ad4-0ubuntu1~16.04.2 finished at Mon, 29 Nov 2021 19:01:52 +0000. Datasource DataSourceNoCloud [seed=/dev/sdb][dsmode=net].  Up 12.14 seconds
[[0;32m  OK  [0m] Started Execute cloud user/final scripts.
[[0;32m  OK  [0m] Reached target Cloud-init target.

Ubuntu 16.04.7 LTS ubuntu-xenial ttyS0

ubuntu-xenial login: 